Сборка начата 04.10.2016 0:52:27.
     1>Проект "C:\Users\kras\documents\visual studio 2013\Projects\ConsoleApplication3\ConsoleApplication3\ConsoleApplication3.vcxproj" в узле 2 (целевые объекты Build).
     1>ClCompile:
         C:\Program Files (x86)\Microsoft Visual Studio 12.0\VC\bin\CL.exe /c /Zi /nologo /W3 /WX- /sdl /O2 /Oi /Oy- /GL /D WIN32 /D NDEBUG /D _CONSOLE /D _LIB /D _UNICODE /D UNICODE /Gm- /EHsc /MD /GS /Gy /fp:precise /Zc:wchar_t /Zc:forScope /Yu"stdafx.h" /Fp"Release\ConsoleApplication3.pch" /Fo"Release\\" /Fd"Release\vc120.pdb" /Gd /TP /analyze- /errorReport:prompt ConsoleApplication3.cpp
         ConsoleApplication3.cpp
     1>ConsoleApplication3.cpp(1): warning C4603: CL_USE_DEPRECATED_OPENCL_1_2_APIS: макрос не определен или определение изменилось после использования предкомпилированного заголовка
                 Добавление макроопределения в предкомпилированный заголовок вместо определения его здесь
                 ConsoleApplication3.cpp(2): использование предкомпилированного заголовка
     1>ConsoleApplication3.cpp(67): warning C4244: аргумент: преобразование "time_t" в "unsigned int", возможна потеря данных
     1>ConsoleApplication3.cpp(77): warning C4101: Kernel: неиспользованная локальная переменная
     1>ConsoleApplication3.cpp(77): warning C4101: Kernel4: неиспользованная локальная переменная
     1>ConsoleApplication3.cpp(77): warning C4101: Kernel2: неиспользованная локальная переменная
     1>ConsoleApplication3.cpp(77): warning C4101: Kernel3: неиспользованная локальная переменная
       Link:
         C:\Program Files (x86)\Microsoft Visual Studio 12.0\VC\bin\link.exe /ERRORREPORT:PROMPT /OUT:"C:\Users\kras\documents\visual studio 2013\Projects\ConsoleApplication3\Release\ConsoleApplication3.exe" /INCREMENTAL:NO /NOLOGO kernel32.lib user32.lib gdi32.lib winspool.lib comdlg32.lib advapi32.lib shell32.lib ole32.lib oleaut32.lib uuid.lib odbc32.lib odbccp32.lib /MANIFEST /MANIFESTUAC:"level='asInvoker' uiAccess='false'" /manifest:embed /DEBUG /PDB:"C:\Users\kras\documents\visual studio 2013\Projects\ConsoleApplication3\Release\ConsoleApplication3.pdb" /SUBSYSTEM:CONSOLE /OPT:REF /OPT:ICF /LTCG /TLBID:1 /DYNAMICBASE /NXCOMPAT /IMPLIB:"C:\Users\kras\documents\visual studio 2013\Projects\ConsoleApplication3\Release\ConsoleApplication3.lib" /MACHINE:X86 /SAFESEH Release\ConsoleApplication3.obj
         Release\stdafx.obj
         Создание кода
         Создание кода завершено
         ConsoleApplication3.vcxproj -> C:\Users\kras\documents\visual studio 2013\Projects\ConsoleApplication3\Release\ConsoleApplication3.exe
     1>Сборка проекта "C:\Users\kras\documents\visual studio 2013\Projects\ConsoleApplication3\ConsoleApplication3\ConsoleApplication3.vcxproj" завершена (целевые объекты Build).

Сборка успешно завершена.

Затраченное время: 00:00:00.93
